[    1098ms] [LOG] [Fast Refresh] rebuilding @ http://localhost:3000/_next/static/chunks/node_modules_next_dist_f3530cac._.js:2297
[    1169ms] [LOG] [Fast Refresh] done in 189ms @ http://localhost:3000/_next/static/chunks/node_modules_next_dist_f3530cac._.js:2297
[    7449ms] [ERROR] Failed to load resource: the server responded with a status of 500 (Internal Server Error) @ http://localhost:3000/:0
[    9167ms] [INFO] %cDownload the React DevTools for a better development experience: https://react.dev/link/react-devtools font-weight:bold @ http://localhost:3000/_next/static/chunks/node_modules_next_dist_f3530cac._.js:2297
[    9244ms] [WARNING] <link rel=preload> uses an unsupported `as` value @ http://localhost:3000/_next/static/chunks/node_modules_next_dist_compiled_react-dom_1e674e59._.js:16212
[    9321ms] [LOG] [HMR] connected @ http://localhost:3000/_next/static/chunks/node_modules_next_dist_f3530cac._.js:2297
[    9516ms] [LOG] [Fast Refresh] rebuilding @ http://localhost:3000/_next/static/chunks/node_modules_next_dist_f3530cac._.js:2297
[    9545ms] [LOG] [Fast Refresh] done in 176ms @ http://localhost:3000/_next/static/chunks/node_modules_next_dist_f3530cac._.js:2297
[    9564ms] [WARNING] Image with src "https://c1hxfnulg8jbz3wb.public.blob.vercel-storage.com/images/torekull/projects/imports/3sixty-skybar/02-foto-anja-callius-u2a1065-edit-editlow-res-jpg.jpg" is using quality "90" which is not configured in images.qualities [75]. Please update your config to [75, 90].
Read more: https://nextjs.org/docs/messages/next-image-unconfigured-qualities @ http://localhost:3000/_next/static/chunks/node_modules_next_dist_f3530cac._.js:2297
[    9568ms] [WARNING] Image with src "https://c1hxfnulg8jbz3wb.public.blob.vercel-storage.com/images/torekull/projects/imports/moyagi-london/06-l1050477.jpg" is using quality "90" which is not configured in images.qualities [75]. Please update your config to [75, 90].
Read more: https://nextjs.org/docs/messages/next-image-unconfigured-qualities @ http://localhost:3000/_next/static/chunks/node_modules_next_dist_f3530cac._.js:2297
[    9581ms] [WARNING] Image with src "https://c1hxfnulg8jbz3wb.public.blob.vercel-storage.com/images/torekull/projects/imports/la-botanica/08-botanica-pres-sida-1.jpg" is using quality "90" which is not configured in images.qualities [75]. Please update your config to [75, 90].
Read more: https://nextjs.org/docs/messages/next-image-unconfigured-qualities @ http://localhost:3000/_next/static/chunks/node_modules_next_dist_f3530cac._.js:2297
[    9583ms] [WARNING] Image with src "https://c1hxfnulg8jbz3wb.public.blob.vercel-storage.com/images/torekull/projects/imports/kasai-stockholm/01-20221007-165941.jpg" is using quality "90" which is not configured in images.qualities [75]. Please update your config to [75, 90].
Read more: https://nextjs.org/docs/messages/next-image-unconfigured-qualities @ http://localhost:3000/_next/static/chunks/node_modules_next_dist_f3530cac._.js:2297
[    9595ms] [WARNING] Image with src "https://c1hxfnulg8jbz3wb.public.blob.vercel-storage.com/images/torekull/projects/imports/biblioteket-live-cocktail-bar/01-biblioteket-banner-hemsida.jpg" is using quality "90" which is not configured in images.qualities [75]. Please update your config to [75, 90].
Read more: https://nextjs.org/docs/messages/next-image-unconfigured-qualities @ http://localhost:3000/_next/static/chunks/node_modules_next_dist_f3530cac._.js:2297
[    9638ms] [WARNING] Image with src "https://c1hxfnulg8jbz3wb.public.blob.vercel-storage.com/images/torekull/projects/imports/walthon-advokater-office/01-screenshot-20221117-223319-instagram.jpg" is using quality "90" which is not configured in images.qualities [75]. Please update your config to [75, 90].
Read more: https://nextjs.org/docs/messages/next-image-unconfigured-qualities @ http://localhost:3000/_next/static/chunks/node_modules_next_dist_f3530cac._.js:2297
[    9896ms] Error: Failed prop type: The prop `href` expects a `string` or `object` in `<Link>`, but got `undefined` instead.
Open your browser's console to view the Component stack trace.
    at createPropError (http://localhost:3000/_next/static/chunks/node_modules_next_bcbc6761._.js:870:42)
    at http://localhost:3000/_next/static/chunks/node_modules_next_bcbc6761._.js:884:27
    at Array.forEach (<anonymous>)
    at LinkComponent (http://localhost:3000/_next/static/chunks/node_modules_next_bcbc6761._.js:881:23)
    at Object.react_stack_bottom_frame (http://localhost:3000/_next/static/chunks/node_modules_next_dist_compiled_react-dom_1e674e59._.js:14826:24)
    at renderWithHooks (http://localhost:3000/_next/static/chunks/node_modules_next_dist_compiled_react-dom_1e674e59._.js:4651:24)
    at updateFunctionComponent (http://localhost:3000/_next/static/chunks/node_modules_next_dist_compiled_react-dom_1e674e59._.js:6112:21)
    at beginWork (http://localhost:3000/_next/static/chunks/node_modules_next_dist_compiled_react-dom_1e674e59._.js:6687:639)
    at runWithFiberInDEV (http://localhost:3000/_next/static/chunks/node_modules_next_dist_compiled_react-dom_1e674e59._.js:965:74)
    at performUnitOfWork (http://localhost:3000/_next/static/chunks/node_modules_next_dist_compiled_react-dom_1e674e59._.js:9562:97)
    at workLoopSync (http://localhost:3000/_next/static/chunks/node_modules_next_dist_compiled_react-dom_1e674e59._.js:9456:40)
    at renderRootSync (http://localhost:3000/_next/static/chunks/node_modules_next_dist_compiled_react-dom_1e674e59._.js:9440:13)
    at performWorkOnRoot (http://localhost:3000/_next/static/chunks/node_modules_next_dist_compiled_react-dom_1e674e59._.js:9105:47)
    at performWorkOnRootViaSchedulerTask (http://localhost:3000/_next/static/chunks/node_modules_next_dist_compiled_react-dom_1e674e59._.js:10230:9)
    at MessagePort.performWorkUntilDeadline (http://localhost:3000/_next/static/chunks/node_modules_next_dist_compiled_a0e4c7b4._.js:2647:64)
[    9823ms] [LOG] [Fast Refresh] rebuilding @ http://localhost:3000/_next/static/chunks/node_modules_next_dist_f3530cac._.js:2297
[   10276ms] [LOG] [Fast Refresh] done in 554ms @ http://localhost:3000/_next/static/chunks/node_modules_next_dist_f3530cac._.js:2297
[   10862ms] [LOG] [Fast Refresh] rebuilding @ http://localhost:3000/_next/static/chunks/node_modules_next_dist_f3530cac._.js:2297
[   11946ms] [LOG] [Fast Refresh] done in 1186ms @ http://localhost:3000/_next/static/chunks/node_modules_next_dist_f3530cac._.js:2297
[   13354ms] [WARNING] The resource http://localhost:3000/_next/static/chunks/%5Broot-of-the-server%5D__dafb131b._.css was preloaded using link preload but not used within a few seconds from the window's load event. Please make sure it has an appropriate `as` value and it is preloaded intentionally. @ http://localhost:3000/:0
[   78359ms] [LOG] [Fast Refresh] rebuilding @ http://localhost:3000/_next/static/chunks/node_modules_next_dist_f3530cac._.js:2297
[   78844ms] [LOG] [Fast Refresh] done in 586ms @ http://localhost:3000/_next/static/chunks/node_modules_next_dist_f3530cac._.js:2297
[   79689ms] [LOG] [Fast Refresh] rebuilding @ http://localhost:3000/_next/static/chunks/node_modules_next_dist_f3530cac._.js:2297
[   79702ms] [LOG] [Fast Refresh] done in 113ms @ http://localhost:3000/_next/static/chunks/node_modules_next_dist_f3530cac._.js:2297
[   87591ms] [LOG] [Fast Refresh] rebuilding @ http://localhost:3000/_next/static/chunks/node_modules_next_dist_f3530cac._.js:2297
[   87620ms] [LOG] [Fast Refresh] done in 131ms @ http://localhost:3000/_next/static/chunks/node_modules_next_dist_f3530cac._.js:2297
[   92232ms] [LOG] [Fast Refresh] rebuilding @ http://localhost:3000/_next/static/chunks/node_modules_next_dist_f3530cac._.js:2297
[   93715ms] [LOG] [Fast Refresh] done in 220ms @ http://localhost:3000/_next/static/chunks/node_modules_next_dist_f3530cac._.js:2297
[   94847ms] [WARNING] <link rel=preload> uses an unsupported `as` value @ http://localhost:3000/:0
[   94847ms] [WARNING] <link rel=preload> uses an unsupported `as` value @ http://localhost:3000/:0
[   95220ms] [INFO] %cDownload the React DevTools for a better development experience: https://react.dev/link/react-devtools font-weight:bold @ http://localhost:3000/_next/static/chunks/node_modules_next_dist_f3530cac._.js:2297
[   95266ms] [LOG] [HMR] connected @ http://localhost:3000/_next/static/chunks/node_modules_next_dist_f3530cac._.js:2297
[   95432ms] [LOG] [Fast Refresh] rebuilding @ http://localhost:3000/_next/static/chunks/node_modules_next_dist_f3530cac._.js:2297
[   95632ms] [LOG] [Fast Refresh] done in 301ms @ http://localhost:3000/_next/static/chunks/node_modules_next_dist_f3530cac._.js:2297
[   95691ms] [WARNING] Image with src "https://c1hxfnulg8jbz3wb.public.blob.vercel-storage.com/images/torekull/projects/imports/3sixty-skybar/02-foto-anja-callius-u2a1065-edit-editlow-res-jpg.jpg" is using quality "90" which is not configured in images.qualities [75]. Please update your config to [75, 90].
Read more: https://nextjs.org/docs/messages/next-image-unconfigured-qualities @ http://localhost:3000/_next/static/chunks/node_modules_next_dist_f3530cac._.js:2297
[   95693ms] [WARNING] Image with src "https://c1hxfnulg8jbz3wb.public.blob.vercel-storage.com/images/torekull/projects/imports/moyagi-london/06-l1050477.jpg" is using quality "90" which is not configured in images.qualities [75]. Please update your config to [75, 90].
Read more: https://nextjs.org/docs/messages/next-image-unconfigured-qualities @ http://localhost:3000/_next/static/chunks/node_modules_next_dist_f3530cac._.js:2297
[   95695ms] [WARNING] Image with src "https://c1hxfnulg8jbz3wb.public.blob.vercel-storage.com/images/torekull/projects/imports/la-botanica/08-botanica-pres-sida-1.jpg" is using quality "90" which is not configured in images.qualities [75]. Please update your config to [75, 90].
Read more: https://nextjs.org/docs/messages/next-image-unconfigured-qualities @ http://localhost:3000/_next/static/chunks/node_modules_next_dist_f3530cac._.js:2297
[   95695ms] [WARNING] Image with src "https://c1hxfnulg8jbz3wb.public.blob.vercel-storage.com/images/torekull/projects/imports/kasai-stockholm/01-20221007-165941.jpg" is using quality "90" which is not configured in images.qualities [75]. Please update your config to [75, 90].
Read more: https://nextjs.org/docs/messages/next-image-unconfigured-qualities @ http://localhost:3000/_next/static/chunks/node_modules_next_dist_f3530cac._.js:2297
[   95700ms] [WARNING] Image with src "https://c1hxfnulg8jbz3wb.public.blob.vercel-storage.com/images/torekull/projects/imports/biblioteket-live-cocktail-bar/01-biblioteket-banner-hemsida.jpg" is using quality "90" which is not configured in images.qualities [75]. Please update your config to [75, 90].
Read more: https://nextjs.org/docs/messages/next-image-unconfigured-qualities @ http://localhost:3000/_next/static/chunks/node_modules_next_dist_f3530cac._.js:2297
[   95710ms] [WARNING] Image with src "https://c1hxfnulg8jbz3wb.public.blob.vercel-storage.com/images/torekull/projects/imports/walthon-advokater-office/01-screenshot-20221117-223319-instagram.jpg" is using quality "90" which is not configured in images.qualities [75]. Please update your config to [75, 90].
Read more: https://nextjs.org/docs/messages/next-image-unconfigured-qualities @ http://localhost:3000/_next/static/chunks/node_modules_next_dist_f3530cac._.js:2297
[   96214ms] [WARNING] Image with src "https://c1hxfnulg8jbz3wb.public.blob.vercel-storage.com/images/torekull/projects/imports/hallwylska-bar/01-torekull-hallwylska-bar-interior-architecture-design-stockholm-1-768x1006.jpg" is using quality "90" which is not configured in images.qualities [75]. Please update your config to [75, 90].
Read more: https://nextjs.org/docs/messages/next-image-unconfigured-qualities @ http://localhost:3000/_next/static/chunks/node_modules_next_dist_f3530cac._.js:2297
[   96216ms] [WARNING] Image with src "https://c1hxfnulg8jbz3wb.public.blob.vercel-storage.com/images/torekull/projects/imports/rose-club/01-torekull-interior-architecture-design-stockholm-rose-club-1.jpg" is using quality "90" which is not configured in images.qualities [75]. Please update your config to [75, 90].
Read more: https://nextjs.org/docs/messages/next-image-unconfigured-qualities @ http://localhost:3000/_next/static/chunks/node_modules_next_dist_f3530cac._.js:2297
[   96219ms] [WARNING] Image with src "https://c1hxfnulg8jbz3wb.public.blob.vercel-storage.com/images/torekull/projects/imports/biblioteket-live-bar/01-inc-6161.jpg" is using quality "90" which is not configured in images.qualities [75]. Please update your config to [75, 90].
Read more: https://nextjs.org/docs/messages/next-image-unconfigured-qualities @ http://localhost:3000/_next/static/chunks/node_modules_next_dist_f3530cac._.js:2297
