[     613ms] [WARNING] <link rel=preload> uses an unsupported `as` value @ http://localhost:3000/:0
[     613ms] [WARNING] <link rel=preload> uses an unsupported `as` value @ http://localhost:3000/:0
[    1063ms] [INFO] %cDownload the React DevTools for a better development experience: https://react.dev/link/react-devtools font-weight:bold @ http://localhost:3000/_next/static/chunks/node_modules_next_dist_f3530cac._.js:2297
[    1138ms] [LOG] [HMR] connected @ http://localhost:3000/_next/static/chunks/node_modules_next_dist_f3530cac._.js:2297
[    1204ms] [WARNING] Image with src "https://c1hxfnulg8jbz3wb.public.blob.vercel-storage.com/images/torekull/projects/imports/3sixty-skybar/02-foto-anja-callius-u2a1065-edit-editlow-res-jpg.jpg" is using quality "90" which is not configured in images.qualities [75]. Please update your config to [75, 90].
Read more: https://nextjs.org/docs/messages/next-image-unconfigured-qualities @ http://localhost:3000/_next/static/chunks/node_modules_next_dist_f3530cac._.js:2297
[    1206ms] [WARNING] Image with src "https://c1hxfnulg8jbz3wb.public.blob.vercel-storage.com/images/torekull/projects/imports/moyagi-london/06-l1050477.jpg" is using quality "90" which is not configured in images.qualities [75]. Please update your config to [75, 90].
Read more: https://nextjs.org/docs/messages/next-image-unconfigured-qualities @ http://localhost:3000/_next/static/chunks/node_modules_next_dist_f3530cac._.js:2297
[    1207ms] [WARNING] Image with src "https://c1hxfnulg8jbz3wb.public.blob.vercel-storage.com/images/torekull/projects/imports/la-botanica/08-botanica-pres-sida-1.jpg" is using quality "90" which is not configured in images.qualities [75]. Please update your config to [75, 90].
Read more: https://nextjs.org/docs/messages/next-image-unconfigured-qualities @ http://localhost:3000/_next/static/chunks/node_modules_next_dist_f3530cac._.js:2297
[    1207ms] [WARNING] Image with src "https://c1hxfnulg8jbz3wb.public.blob.vercel-storage.com/images/torekull/projects/imports/kasai-stockholm/01-20221007-165941.jpg" is using quality "90" which is not configured in images.qualities [75]. Please update your config to [75, 90].
Read more: https://nextjs.org/docs/messages/next-image-unconfigured-qualities @ http://localhost:3000/_next/static/chunks/node_modules_next_dist_f3530cac._.js:2297
[    1208ms] [WARNING] Image with src "https://c1hxfnulg8jbz3wb.public.blob.vercel-storage.com/images/torekull/projects/imports/biblioteket-live-cocktail-bar/01-biblioteket-banner-hemsida.jpg" is using quality "90" which is not configured in images.qualities [75]. Please update your config to [75, 90].
Read more: https://nextjs.org/docs/messages/next-image-unconfigured-qualities @ http://localhost:3000/_next/static/chunks/node_modules_next_dist_f3530cac._.js:2297
[    1217ms] [WARNING] Image with src "https://c1hxfnulg8jbz3wb.public.blob.vercel-storage.com/images/torekull/projects/imports/walthon-advokater-office/01-screenshot-20221117-223319-instagram.jpg" is using quality "90" which is not configured in images.qualities [75]. Please update your config to [75, 90].
Read more: https://nextjs.org/docs/messages/next-image-unconfigured-qualities @ http://localhost:3000/_next/static/chunks/node_modules_next_dist_f3530cac._.js:2297
[    1825ms] [WARNING] Image with src "https://c1hxfnulg8jbz3wb.public.blob.vercel-storage.com/images/torekull/projects/imports/hallwylska-bar/01-torekull-hallwylska-bar-interior-architecture-design-stockholm-1-768x1006.jpg" is using quality "90" which is not configured in images.qualities [75]. Please update your config to [75, 90].
Read more: https://nextjs.org/docs/messages/next-image-unconfigured-qualities @ http://localhost:3000/_next/static/chunks/node_modules_next_dist_f3530cac._.js:2297
[    1826ms] [WARNING] Image with src "https://c1hxfnulg8jbz3wb.public.blob.vercel-storage.com/images/torekull/projects/imports/rose-club/01-torekull-interior-architecture-design-stockholm-rose-club-1.jpg" is using quality "90" which is not configured in images.qualities [75]. Please update your config to [75, 90].
Read more: https://nextjs.org/docs/messages/next-image-unconfigured-qualities @ http://localhost:3000/_next/static/chunks/node_modules_next_dist_f3530cac._.js:2297
[    1827ms] [WARNING] Image with src "https://c1hxfnulg8jbz3wb.public.blob.vercel-storage.com/images/torekull/projects/imports/biblioteket-live-bar/01-inc-6161.jpg" is using quality "90" which is not configured in images.qualities [75]. Please update your config to [75, 90].
Read more: https://nextjs.org/docs/messages/next-image-unconfigured-qualities @ http://localhost:3000/_next/static/chunks/node_modules_next_dist_f3530cac._.js:2297
[    8214ms] [ERROR] Failed to load resource: the server responded with a status of 504 (Gateway Timeout) @ http://localhost:3000/_next/image?url=https%3A%2F%2Fc1hxfnulg8jbz3wb.public.blob.vercel-storage.com%2Fimages%2Ftorekull%2Fprojects%2Fimports%2Fwalthon-advokater-office%2F01-screenshot-20221117-223319-instagram.jpg&w=640&q=75:0
[   13233ms] [ERROR] Failed to load resource: the server responded with a status of 500 (Internal Server Error) @ http://localhost:3000/_next/image?url=https%3A%2F%2Fc1hxfnulg8jbz3wb.public.blob.vercel-storage.com%2Fimages%2Ftorekull%2Fprojects%2Fimports%2Fmoyagi-london%2F06-l1050477.jpg&w=640&q=75:0
[   14676ms] [ERROR] Failed to load resource: the server responded with a status of 500 (Internal Server Error) @ http://localhost:3000/_next/image?url=https%3A%2F%2Fc1hxfnulg8jbz3wb.public.blob.vercel-storage.com%2Fimages%2Ftorekull%2Fprojects%2Fimports%2Fkasai-stockholm%2F01-20221007-165941.jpg&w=640&q=75:0
[   14803ms] [ERROR] Failed to load resource: the server responded with a status of 500 (Internal Server Error) @ http://localhost:3000/_next/image?url=https%3A%2F%2Fc1hxfnulg8jbz3wb.public.blob.vercel-storage.com%2Fimages%2Ftorekull%2Fprojects%2Fimports%2Fbiblioteket-live-cocktail-bar%2F01-biblioteket-banner-hemsida.jpg&w=640&q=75:0
[   14950ms] [LOG] [Fast Refresh] rebuilding @ http://localhost:3000/_next/static/chunks/node_modules_next_dist_f3530cac._.js:2297
[   16234ms] [LOG] [Fast Refresh] done in 1383ms @ http://localhost:3000/_next/static/chunks/node_modules_next_dist_f3530cac._.js:2297
[   16480ms] [LOG] [Fast Refresh] rebuilding @ http://localhost:3000/_next/static/chunks/node_modules_next_dist_f3530cac._.js:2297
[   16598ms] [LOG] [Fast Refresh] done in 219ms @ http://localhost:3000/_next/static/chunks/node_modules_next_dist_f3530cac._.js:2297
[  172648ms] [LOG] [Fast Refresh] rebuilding @ http://localhost:3000/_next/static/chunks/node_modules_next_dist_f3530cac._.js:2297
[  173060ms] [LOG] [Fast Refresh] done in 452ms @ http://localhost:3000/_next/static/chunks/node_modules_next_dist_f3530cac._.js:2297
[  258127ms] [LOG] [Fast Refresh] rebuilding @ http://localhost:3000/_next/static/chunks/node_modules_next_dist_f3530cac._.js:2297
[  258269ms] [LOG] [Fast Refresh] done in 243ms @ http://localhost:3000/_next/static/chunks/node_modules_next_dist_f3530cac._.js:2297
[  259861ms] [LOG] [Fast Refresh] rebuilding @ http://localhost:3000/_next/static/chunks/node_modules_next_dist_f3530cac._.js:2297
[  260200ms] [LOG] [Fast Refresh] done in 441ms @ http://localhost:3000/_next/static/chunks/node_modules_next_dist_f3530cac._.js:2297
